<?xml version="1.0" encoding="UTF-8"?>
<!-- Generated by org.testng.reporters.JUnitReportReporter -->
<testsuite skipped="0" hostname="Abhisheks-MBP.hub" name="com.shoppingcart.qa.testcases.HomePageTest" tests="1" failures="0" timestamp="01 Aug 2021 02:47:23 GMT" time="19.424" errors="0">
  <testcase name="womenPageTitleTest" time="19.424" classname="com.shoppingcart.qa.testcases.HomePageTest"/>
</testsuite> <!-- com.shoppingcart.qa.testcases.HomePageTest -->
