<?xml version="1.0" encoding="UTF-8"?>
<!-- Generated by org.testng.reporters.JUnitReportReporter -->
<testsuite skipped="0" hostname="Abhisheks-MBP.hub" name="com.shoppingcart.qa.testcases.ItemPageTest" tests="1" failures="0" timestamp="01 Aug 2021 01:23:23 GMT" time="36.022" errors="0">
  <testcase name="validateAddItemsToCart" time="36.022" classname="com.shoppingcart.qa.testcases.ItemPageTest"/>
</testsuite> <!-- com.shoppingcart.qa.testcases.ItemPageTest -->
