<?xml version="1.0" encoding="UTF-8"?>
<!-- Generated by org.testng.reporters.JUnitReportReporter -->
<testsuite skipped="0" hostname="Abhisheks-MBP.hub" name="com.shoppingcart.qa.testcases.ItemPageTest" tests="1" failures="0" timestamp="31 Jul 2021 12:04:23 GMT" time="40.806" errors="0">
  <testcase name="mouseaction" time="40.806" classname="com.shoppingcart.qa.testcases.ItemPageTest"/>
</testsuite> <!-- com.shoppingcart.qa.testcases.ItemPageTest -->
