<?xml version="1.0" encoding="UTF-8"?>
<!-- Generated by org.testng.reporters.JUnitReportReporter -->
<testsuite skipped="0" hostname="Abhisheks-MBP.hub" name="com.shoppingcart.qa.testcases.HomePageTest" tests="1" failures="0" timestamp="30 Jul 2021 08:35:13 GMT" time="16.487" errors="0">
  <testcase name="clickonlink" time="16.487" classname="com.shoppingcart.qa.testcases.HomePageTest"/>
</testsuite> <!-- com.shoppingcart.qa.testcases.HomePageTest -->
