<?xml version="1.0" encoding="UTF-8"?>
<!-- Generated by org.testng.reporters.JUnitReportReporter -->
<testsuite skipped="0" hostname="Abhisheks-MBP.hub" name="com.shoppingcart.qa.testcases.SignInPageTest" tests="1" failures="0" timestamp="30 Jul 2021 01:27:39 GMT" time="13.888" errors="0">
  <testcase name="click" time="13.888" classname="com.shoppingcart.qa.testcases.SignInPageTest"/>
</testsuite> <!-- com.shoppingcart.qa.testcases.SignInPageTest -->
