<?xml version="1.0" encoding="UTF-8"?>
<!-- Generated by org.testng.reporters.JUnitReportReporter -->
<testsuite skipped="0" hostname="Abhisheks-MBP.hub" name="com.shoppingcart.qa.testcases.LogInPageTest" tests="2" failures="0" timestamp="31 Jul 2021 12:06:20 GMT" time="27.068" errors="0">
  <testcase name="loginPageTitleTest" time="10.020" classname="com.shoppingcart.qa.testcases.LogInPageTest"/>
  <testcase name="Login" time="17.048" classname="com.shoppingcart.qa.testcases.LogInPageTest"/>
</testsuite> <!-- com.shoppingcart.qa.testcases.LogInPageTest -->
