<?xml version="1.0" encoding="UTF-8"?>
<!-- Generated by org.testng.reporters.JUnitReportReporter -->
<testsuite skipped="0" hostname="Abhisheks-MBP.hub" name="com.shoppingcart.qa.testcases.ItemPageTest" tests="1" failures="0" timestamp="31 Jul 2021 11:54:22 GMT" time="38.528" errors="0">
  <testcase name="mouseaction" time="38.528" classname="com.shoppingcart.qa.testcases.ItemPageTest"/>
</testsuite> <!-- com.shoppingcart.qa.testcases.ItemPageTest -->
