<?xml version="1.0" encoding="UTF-8"?>
<!-- Generated by org.testng.reporters.JUnitReportReporter -->
<testsuite skipped="0" hostname="Abhisheks-MBP.hub" name="com.shoppingcart.qa.testcases.ItemPageTest" tests="1" failures="0" timestamp="31 Jul 2021 01:01:39 GMT" time="43.136" errors="0">
  <testcase name="mouseaction" time="43.136" classname="com.shoppingcart.qa.testcases.ItemPageTest"/>
</testsuite> <!-- com.shoppingcart.qa.testcases.ItemPageTest -->
