<?xml version="1.0" encoding="UTF-8"?>
<!-- Generated by org.testng.reporters.JUnitReportReporter -->
<testsuite skipped="0" hostname="Abhisheks-MBP.hub" name="com.shoppingcart.qa.testcases.SignInPageTest" tests="2" failures="0" timestamp="31 Jul 2021 07:19:05 GMT" time="26.796" errors="0">
  <testcase name="Login" time="15.175" classname="com.shoppingcart.qa.testcases.SignInPageTest"/>
  <testcase name="loginPageTitleTest" time="11.621" classname="com.shoppingcart.qa.testcases.SignInPageTest"/>
</testsuite> <!-- com.shoppingcart.qa.testcases.SignInPageTest -->
