<?xml version="1.0" encoding="UTF-8"?>
<!-- Generated by org.testng.reporters.JUnitReportReporter -->
<testsuite skipped="0" hostname="Abhisheks-MBP.hub" name="com.shoppingcart.qa.testcases.LogInPageTest" tests="2" failures="0" timestamp="31 Jul 2021 07:22:59 GMT" time="27.805" errors="0">
  <testcase name="Login" time="16.085" classname="com.shoppingcart.qa.testcases.LogInPageTest"/>
  <testcase name="loginPageTitleTest" time="11.720" classname="com.shoppingcart.qa.testcases.LogInPageTest"/>
</testsuite> <!-- com.shoppingcart.qa.testcases.LogInPageTest -->
