<?xml version="1.0" encoding="UTF-8"?>
<!-- Generated by org.testng.reporters.JUnitReportReporter -->
<testsuite skipped="0" hostname="Abhisheks-MBP.hub" name="com.shoppingcart.qa.testcases.LogInPageTest" tests="2" failures="0" timestamp="01 Aug 2021 02:48:31 GMT" time="27.210" errors="0">
  <testcase name="Login" time="16.950" classname="com.shoppingcart.qa.testcases.LogInPageTest"/>
  <testcase name="loginPageTitleTest" time="10.260" classname="com.shoppingcart.qa.testcases.LogInPageTest"/>
</testsuite> <!-- com.shoppingcart.qa.testcases.LogInPageTest -->
