<?xml version="1.0" encoding="UTF-8"?>
<!-- Generated by org.testng.reporters.JUnitReportReporter -->
<testsuite skipped="0" hostname="Abhisheks-MBP.hub" name="com.shoppingcart.qa.testcases.HomePageTest" tests="1" failures="0" timestamp="31 Jul 2021 07:32:10 GMT" time="18.596" errors="0">
  <testcase name="womenPageTitleTest" time="18.596" classname="com.shoppingcart.qa.testcases.HomePageTest"/>
</testsuite> <!-- com.shoppingcart.qa.testcases.HomePageTest -->
